{"C:\\Users\\Ka Wai Cheng\\Desktop\\Food-4-thought-next\\src\\app\\cuisinePage\\indiv-cuisines\\reviews\\[foodPlaceId]\\[foodPlaceId].tsx": {"path":"C:\\Users\\Ka Wai Cheng\\Desktop\\Food-4-thought-next\\src\\app\\cuisinePage\\indiv-cuisines\\reviews\\[foodPlaceId]\\[foodPlaceId].tsx","all":false,"statementMap":{"0":{"start":{"line":1,"column":0},"end":{"line":1,"column":13}},"1":{"start":{"line":2,"column":0},"end":{"line":2,"column":0}},"2":{"start":{"line":3,"column":0},"end":{"line":3,"column":51}},"3":{"start":{"line":4,"column":0},"end":{"line":4,"column":31}},"4":{"start":{"line":5,"column":0},"end":{"line":5,"column":29}},"5":{"start":{"line":6,"column":0},"end":{"line":6,"column":61}},"6":{"start":{"line":7,"column":0},"end":{"line":7,"column":48}},"7":{"start":{"line":8,"column":0},"end":{"line":8,"column":23}},"8":{"start":{"line":9,"column":0},"end":{"line":9,"column":0}},"9":{"start":{"line":10,"column":0},"end":{"line":10,"column":18}},"10":{"start":{"line":11,"column":0},"end":{"line":11,"column":20}},"11":{"start":{"line":12,"column":0},"end":{"line":12,"column":26}},"12":{"start":{"line":13,"column":0},"end":{"line":13,"column":26}},"13":{"start":{"line":14,"column":0},"end":{"line":14,"column":21}},"14":{"start":{"line":15,"column":0},"end":{"line":15,"column":18}},"15":{"start":{"line":16,"column":0},"end":{"line":16,"column":20}},"16":{"start":{"line":17,"column":0},"end":{"line":17,"column":17}},"17":{"start":{"line":18,"column":0},"end":{"line":18,"column":25}},"18":{"start":{"line":19,"column":0},"end":{"line":19,"column":43}},"19":{"start":{"line":20,"column":0},"end":{"line":20,"column":1}},"20":{"start":{"line":21,"column":0},"end":{"line":21,"column":0}},"21":{"start":{"line":22,"column":0},"end":{"line":22,"column":20}},"22":{"start":{"line":23,"column":0},"end":{"line":23,"column":38}},"23":{"start":{"line":24,"column":0},"end":{"line":24,"column":73}},"24":{"start":{"line":25,"column":0},"end":{"line":25,"column":52}},"25":{"start":{"line":26,"column":0},"end":{"line":26,"column":55}},"26":{"start":{"line":27,"column":0},"end":{"line":27,"column":57}},"27":{"start":{"line":28,"column":0},"end":{"line":28,"column":49}},"28":{"start":{"line":29,"column":0},"end":{"line":29,"column":47}},"29":{"start":{"line":30,"column":0},"end":{"line":30,"column":50}},"30":{"start":{"line":31,"column":0},"end":{"line":31,"column":70}},"31":{"start":{"line":32,"column":0},"end":{"line":32,"column":74}},"32":{"start":{"line":33,"column":0},"end":{"line":33,"column":78}},"33":{"start":{"line":34,"column":0},"end":{"line":34,"column":57}},"34":{"start":{"line":35,"column":0},"end":{"line":35,"column":62}},"35":{"start":{"line":36,"column":0},"end":{"line":36,"column":82}},"36":{"start":{"line":37,"column":0},"end":{"line":37,"column":0}},"37":{"start":{"line":38,"column":0},"end":{"line":38,"column":41}},"38":{"start":{"line":39,"column":0},"end":{"line":39,"column":45}},"39":{"start":{"line":40,"column":0},"end":{"line":40,"column":0}},"40":{"start":{"line":41,"column":0},"end":{"line":41,"column":36}},"41":{"start":{"line":42,"column":0},"end":{"line":42,"column":29}},"42":{"start":{"line":43,"column":0},"end":{"line":43,"column":0}},"43":{"start":{"line":44,"column":0},"end":{"line":44,"column":55}},"44":{"start":{"line":45,"column":0},"end":{"line":45,"column":22}},"45":{"start":{"line":46,"column":0},"end":{"line":46,"column":15}},"46":{"start":{"line":47,"column":0},"end":{"line":47,"column":10}},"47":{"start":{"line":48,"column":0},"end":{"line":48,"column":36}},"48":{"start":{"line":49,"column":0},"end":{"line":49,"column":8}},"49":{"start":{"line":50,"column":0},"end":{"line":50,"column":40}},"50":{"start":{"line":51,"column":0},"end":{"line":51,"column":49}},"51":{"start":{"line":52,"column":0},"end":{"line":52,"column":0}},"52":{"start":{"line":53,"column":0},"end":{"line":53,"column":16}},"53":{"start":{"line":54,"column":0},"end":{"line":54,"column":54}},"54":{"start":{"line":55,"column":0},"end":{"line":55,"column":13}},"55":{"start":{"line":56,"column":0},"end":{"line":56,"column":5}},"56":{"start":{"line":57,"column":0},"end":{"line":57,"column":0}},"57":{"start":{"line":58,"column":0},"end":{"line":58,"column":22}},"58":{"start":{"line":59,"column":0},"end":{"line":59,"column":53}},"59":{"start":{"line":60,"column":0},"end":{"line":60,"column":61}},"60":{"start":{"line":61,"column":0},"end":{"line":61,"column":18}},"61":{"start":{"line":62,"column":0},"end":{"line":62,"column":51}},"62":{"start":{"line":63,"column":0},"end":{"line":63,"column":45}},"63":{"start":{"line":64,"column":0},"end":{"line":64,"column":16}},"64":{"start":{"line":65,"column":0},"end":{"line":65,"column":10}},"65":{"start":{"line":66,"column":0},"end":{"line":66,"column":6}},"66":{"start":{"line":67,"column":0},"end":{"line":67,"column":37}},"67":{"start":{"line":68,"column":0},"end":{"line":68,"column":5}},"68":{"start":{"line":69,"column":0},"end":{"line":69,"column":4}},"69":{"start":{"line":70,"column":0},"end":{"line":70,"column":0}},"70":{"start":{"line":71,"column":0},"end":{"line":71,"column":24}},"71":{"start":{"line":72,"column":0},"end":{"line":72,"column":11}},"72":{"start":{"line":73,"column":0},"end":{"line":73,"column":12}},"73":{"start":{"line":74,"column":0},"end":{"line":74,"column":13}},"74":{"start":{"line":75,"column":0},"end":{"line":75,"column":12}},"75":{"start":{"line":76,"column":0},"end":{"line":76,"column":20}},"76":{"start":{"line":77,"column":0},"end":{"line":77,"column":14}},"77":{"start":{"line":78,"column":0},"end":{"line":78,"column":6}},"78":{"start":{"line":79,"column":0},"end":{"line":79,"column":18}},"79":{"start":{"line":80,"column":0},"end":{"line":80,"column":37}},"80":{"start":{"line":81,"column":0},"end":{"line":81,"column":45}},"81":{"start":{"line":82,"column":0},"end":{"line":82,"column":24}},"82":{"start":{"line":83,"column":0},"end":{"line":83,"column":23}},"83":{"start":{"line":84,"column":0},"end":{"line":84,"column":18}},"84":{"start":{"line":85,"column":0},"end":{"line":85,"column":9}},"85":{"start":{"line":86,"column":0},"end":{"line":86,"column":12}},"86":{"start":{"line":87,"column":0},"end":{"line":87,"column":45}},"87":{"start":{"line":88,"column":0},"end":{"line":88,"column":40}},"88":{"start":{"line":89,"column":0},"end":{"line":89,"column":41}},"89":{"start":{"line":90,"column":0},"end":{"line":90,"column":46}},"90":{"start":{"line":91,"column":0},"end":{"line":91,"column":10}},"91":{"start":{"line":92,"column":0},"end":{"line":92,"column":18}},"92":{"start":{"line":93,"column":0},"end":{"line":93,"column":17}},"93":{"start":{"line":94,"column":0},"end":{"line":94,"column":25}},"94":{"start":{"line":95,"column":0},"end":{"line":95,"column":70}},"95":{"start":{"line":96,"column":0},"end":{"line":96,"column":37}},"96":{"start":{"line":97,"column":0},"end":{"line":97,"column":60}},"97":{"start":{"line":98,"column":0},"end":{"line":98,"column":56}},"98":{"start":{"line":99,"column":0},"end":{"line":99,"column":54}},"99":{"start":{"line":100,"column":0},"end":{"line":100,"column":13}},"100":{"start":{"line":101,"column":0},"end":{"line":101,"column":19}},"101":{"start":{"line":102,"column":0},"end":{"line":102,"column":51}},"102":{"start":{"line":103,"column":0},"end":{"line":103,"column":36}},"103":{"start":{"line":104,"column":0},"end":{"line":104,"column":29}},"104":{"start":{"line":105,"column":0},"end":{"line":105,"column":29}},"105":{"start":{"line":106,"column":0},"end":{"line":106,"column":52}},"106":{"start":{"line":107,"column":0},"end":{"line":107,"column":32}},"107":{"start":{"line":108,"column":0},"end":{"line":108,"column":31}},"108":{"start":{"line":109,"column":0},"end":{"line":109,"column":15}},"109":{"start":{"line":110,"column":0},"end":{"line":110,"column":70}},"110":{"start":{"line":111,"column":0},"end":{"line":111,"column":131}},"111":{"start":{"line":112,"column":0},"end":{"line":112,"column":28}},"112":{"start":{"line":113,"column":0},"end":{"line":113,"column":24}},"113":{"start":{"line":114,"column":0},"end":{"line":114,"column":92}},"114":{"start":{"line":115,"column":0},"end":{"line":115,"column":63}},"115":{"start":{"line":116,"column":0},"end":{"line":116,"column":67}},"116":{"start":{"line":117,"column":0},"end":{"line":117,"column":37}},"117":{"start":{"line":118,"column":0},"end":{"line":118,"column":25}},"118":{"start":{"line":119,"column":0},"end":{"line":119,"column":18}},"119":{"start":{"line":120,"column":0},"end":{"line":120,"column":28}},"120":{"start":{"line":121,"column":0},"end":{"line":121,"column":27}},"121":{"start":{"line":122,"column":0},"end":{"line":122,"column":124}},"122":{"start":{"line":123,"column":0},"end":{"line":123,"column":52}},"123":{"start":{"line":124,"column":0},"end":{"line":124,"column":20}},"124":{"start":{"line":125,"column":0},"end":{"line":125,"column":18}},"125":{"start":{"line":126,"column":0},"end":{"line":126,"column":20}},"126":{"start":{"line":127,"column":0},"end":{"line":127,"column":40}},"127":{"start":{"line":128,"column":0},"end":{"line":128,"column":24}},"128":{"start":{"line":129,"column":0},"end":{"line":129,"column":46}},"129":{"start":{"line":130,"column":0},"end":{"line":130,"column":35}},"130":{"start":{"line":131,"column":0},"end":{"line":131,"column":40}},"131":{"start":{"line":132,"column":0},"end":{"line":132,"column":39}},"132":{"start":{"line":133,"column":0},"end":{"line":133,"column":20}},"133":{"start":{"line":134,"column":0},"end":{"line":134,"column":17}},"134":{"start":{"line":135,"column":0},"end":{"line":135,"column":19}},"135":{"start":{"line":136,"column":0},"end":{"line":136,"column":25}},"136":{"start":{"line":137,"column":0},"end":{"line":137,"column":16}},"137":{"start":{"line":138,"column":0},"end":{"line":138,"column":18}},"138":{"start":{"line":139,"column":0},"end":{"line":139,"column":12}},"139":{"start":{"line":140,"column":0},"end":{"line":140,"column":11}},"140":{"start":{"line":141,"column":0},"end":{"line":141,"column":63}},"141":{"start":{"line":142,"column":0},"end":{"line":142,"column":12}},"142":{"start":{"line":143,"column":0},"end":{"line":143,"column":6}},"143":{"start":{"line":144,"column":0},"end":{"line":144,"column":4}},"144":{"start":{"line":145,"column":0},"end":{"line":145,"column":0}},"145":{"start":{"line":146,"column":0},"end":{"line":146,"column":23}},"146":{"start":{"line":147,"column":0},"end":{"line":147,"column":19}},"147":{"start":{"line":148,"column":0},"end":{"line":148,"column":33}},"148":{"start":{"line":149,"column":0},"end":{"line":149,"column":13}},"149":{"start":{"line":150,"column":0},"end":{"line":150,"column":23}},"150":{"start":{"line":151,"column":0},"end":{"line":151,"column":40}},"151":{"start":{"line":152,"column":0},"end":{"line":152,"column":41}},"152":{"start":{"line":153,"column":0},"end":{"line":153,"column":6}},"153":{"start":{"line":154,"column":0},"end":{"line":154,"column":14}},"154":{"start":{"line":155,"column":0},"end":{"line":155,"column":9}},"155":{"start":{"line":156,"column":0},"end":{"line":156,"column":0}},"156":{"start":{"line":157,"column":0},"end":{"line":157,"column":31}},"157":{"start":{"line":158,"column":0},"end":{"line":158,"column":19}},"158":{"start":{"line":159,"column":0},"end":{"line":159,"column":29}},"159":{"start":{"line":160,"column":0},"end":{"line":160,"column":0}},"160":{"start":{"line":161,"column":0},"end":{"line":161,"column":35}},"161":{"start":{"line":162,"column":0},"end":{"line":162,"column":48}},"162":{"start":{"line":163,"column":0},"end":{"line":163,"column":28}},"163":{"start":{"line":164,"column":0},"end":{"line":164,"column":64}},"164":{"start":{"line":165,"column":0},"end":{"line":165,"column":42}},"165":{"start":{"line":166,"column":0},"end":{"line":166,"column":18}},"166":{"start":{"line":167,"column":0},"end":{"line":167,"column":0}},"167":{"start":{"line":168,"column":0},"end":{"line":168,"column":29}},"168":{"start":{"line":169,"column":0},"end":{"line":169,"column":0}},"169":{"start":{"line":170,"column":0},"end":{"line":170,"column":51}},"170":{"start":{"line":171,"column":0},"end":{"line":171,"column":20}},"171":{"start":{"line":172,"column":0},"end":{"line":172,"column":97}},"172":{"start":{"line":173,"column":0},"end":{"line":173,"column":97}},"173":{"start":{"line":174,"column":0},"end":{"line":174,"column":98}},"174":{"start":{"line":175,"column":0},"end":{"line":175,"column":96}},"175":{"start":{"line":176,"column":0},"end":{"line":176,"column":97}},"176":{"start":{"line":177,"column":0},"end":{"line":177,"column":101}},"177":{"start":{"line":178,"column":0},"end":{"line":178,"column":95}},"178":{"start":{"line":179,"column":0},"end":{"line":179,"column":9}},"179":{"start":{"line":180,"column":0},"end":{"line":180,"column":0}},"180":{"start":{"line":181,"column":0},"end":{"line":181,"column":27}},"181":{"start":{"line":182,"column":0},"end":{"line":182,"column":25}},"182":{"start":{"line":183,"column":0},"end":{"line":183,"column":6}},"183":{"start":{"line":184,"column":0},"end":{"line":184,"column":0}},"184":{"start":{"line":185,"column":0},"end":{"line":185,"column":16}},"185":{"start":{"line":186,"column":0},"end":{"line":186,"column":36}},"186":{"start":{"line":187,"column":0},"end":{"line":187,"column":0}},"187":{"start":{"line":188,"column":0},"end":{"line":188,"column":22}},"188":{"start":{"line":189,"column":0},"end":{"line":189,"column":54}},"189":{"start":{"line":190,"column":0},"end":{"line":190,"column":23}},"190":{"start":{"line":191,"column":0},"end":{"line":191,"column":56}},"191":{"start":{"line":192,"column":0},"end":{"line":192,"column":0}},"192":{"start":{"line":193,"column":0},"end":{"line":193,"column":11}},"193":{"start":{"line":194,"column":0},"end":{"line":194,"column":21}},"194":{"start":{"line":195,"column":0},"end":{"line":195,"column":23}},"195":{"start":{"line":196,"column":0},"end":{"line":196,"column":38}},"196":{"start":{"line":197,"column":0},"end":{"line":197,"column":0}},"197":{"start":{"line":198,"column":0},"end":{"line":198,"column":29}},"198":{"start":{"line":199,"column":0},"end":{"line":199,"column":57}},"199":{"start":{"line":200,"column":0},"end":{"line":200,"column":13}},"200":{"start":{"line":201,"column":0},"end":{"line":201,"column":5}},"201":{"start":{"line":202,"column":0},"end":{"line":202,"column":0}},"202":{"start":{"line":203,"column":0},"end":{"line":203,"column":42}},"203":{"start":{"line":204,"column":0},"end":{"line":204,"column":22}},"204":{"start":{"line":205,"column":0},"end":{"line":205,"column":16}},"205":{"start":{"line":206,"column":0},"end":{"line":206,"column":35}},"206":{"start":{"line":207,"column":0},"end":{"line":207,"column":34}},"207":{"start":{"line":208,"column":0},"end":{"line":208,"column":36}},"208":{"start":{"line":209,"column":0},"end":{"line":209,"column":19}},"209":{"start":{"line":210,"column":0},"end":{"line":210,"column":21}},"210":{"start":{"line":211,"column":0},"end":{"line":211,"column":15}},"211":{"start":{"line":212,"column":0},"end":{"line":212,"column":25}},"212":{"start":{"line":213,"column":0},"end":{"line":213,"column":9}},"213":{"start":{"line":214,"column":0},"end":{"line":214,"column":16}},"214":{"start":{"line":215,"column":0},"end":{"line":215,"column":0}},"215":{"start":{"line":216,"column":0},"end":{"line":216,"column":16}},"216":{"start":{"line":217,"column":0},"end":{"line":217,"column":44}},"217":{"start":{"line":218,"column":0},"end":{"line":218,"column":13}},"218":{"start":{"line":219,"column":0},"end":{"line":219,"column":5}},"219":{"start":{"line":220,"column":0},"end":{"line":220,"column":0}},"220":{"start":{"line":221,"column":0},"end":{"line":221,"column":34}},"221":{"start":{"line":222,"column":0},"end":{"line":222,"column":45}},"222":{"start":{"line":223,"column":0},"end":{"line":223,"column":5}},"223":{"start":{"line":224,"column":0},"end":{"line":224,"column":0}},"224":{"start":{"line":225,"column":0},"end":{"line":225,"column":21}},"225":{"start":{"line":226,"column":0},"end":{"line":226,"column":20}},"226":{"start":{"line":227,"column":0},"end":{"line":227,"column":17}},"227":{"start":{"line":228,"column":0},"end":{"line":228,"column":4}},"228":{"start":{"line":229,"column":0},"end":{"line":229,"column":0}},"229":{"start":{"line":230,"column":0},"end":{"line":230,"column":83}},"230":{"start":{"line":231,"column":0},"end":{"line":231,"column":25}},"231":{"start":{"line":232,"column":0},"end":{"line":232,"column":37}},"232":{"start":{"line":233,"column":0},"end":{"line":233,"column":13}},"233":{"start":{"line":234,"column":0},"end":{"line":234,"column":5}},"234":{"start":{"line":235,"column":0},"end":{"line":235,"column":0}},"235":{"start":{"line":236,"column":0},"end":{"line":236,"column":9}},"236":{"start":{"line":237,"column":0},"end":{"line":237,"column":65}},"237":{"start":{"line":238,"column":0},"end":{"line":238,"column":26}},"238":{"start":{"line":239,"column":0},"end":{"line":239,"column":0}},"239":{"start":{"line":240,"column":0},"end":{"line":240,"column":43}},"240":{"start":{"line":241,"column":0},"end":{"line":241,"column":38}},"241":{"start":{"line":242,"column":0},"end":{"line":242,"column":42}},"242":{"start":{"line":243,"column":0},"end":{"line":243,"column":63}},"243":{"start":{"line":244,"column":0},"end":{"line":244,"column":0}},"244":{"start":{"line":245,"column":0},"end":{"line":245,"column":37}},"245":{"start":{"line":246,"column":0},"end":{"line":246,"column":37}},"246":{"start":{"line":247,"column":0},"end":{"line":247,"column":23}},"247":{"start":{"line":248,"column":0},"end":{"line":248,"column":27}},"248":{"start":{"line":249,"column":0},"end":{"line":249,"column":51}},"249":{"start":{"line":250,"column":0},"end":{"line":250,"column":31}},"250":{"start":{"line":251,"column":0},"end":{"line":251,"column":31}},"251":{"start":{"line":252,"column":0},"end":{"line":252,"column":33}},"252":{"start":{"line":253,"column":0},"end":{"line":253,"column":36}},"253":{"start":{"line":254,"column":0},"end":{"line":254,"column":26}},"254":{"start":{"line":255,"column":0},"end":{"line":255,"column":28}},"255":{"start":{"line":256,"column":0},"end":{"line":256,"column":16}},"256":{"start":{"line":257,"column":0},"end":{"line":257,"column":26}},"257":{"start":{"line":258,"column":0},"end":{"line":258,"column":28}},"258":{"start":{"line":259,"column":0},"end":{"line":259,"column":9}},"259":{"start":{"line":260,"column":0},"end":{"line":260,"column":14}},"260":{"start":{"line":261,"column":0},"end":{"line":261,"column":19}},"261":{"start":{"line":262,"column":0},"end":{"line":262,"column":51}},"262":{"start":{"line":263,"column":0},"end":{"line":263,"column":31}},"263":{"start":{"line":264,"column":0},"end":{"line":264,"column":7}},"264":{"start":{"line":265,"column":0},"end":{"line":265,"column":0}},"265":{"start":{"line":266,"column":0},"end":{"line":266,"column":28}},"266":{"start":{"line":267,"column":0},"end":{"line":267,"column":33}},"267":{"start":{"line":268,"column":0},"end":{"line":268,"column":26}},"268":{"start":{"line":269,"column":0},"end":{"line":269,"column":22}},"269":{"start":{"line":270,"column":0},"end":{"line":270,"column":31}},"270":{"start":{"line":271,"column":0},"end":{"line":271,"column":19}},"271":{"start":{"line":272,"column":0},"end":{"line":272,"column":36}},"272":{"start":{"line":273,"column":0},"end":{"line":273,"column":40}},"273":{"start":{"line":274,"column":0},"end":{"line":274,"column":31}},"274":{"start":{"line":275,"column":0},"end":{"line":275,"column":35}},"275":{"start":{"line":276,"column":0},"end":{"line":276,"column":22}},"276":{"start":{"line":277,"column":0},"end":{"line":277,"column":31}},"277":{"start":{"line":278,"column":0},"end":{"line":278,"column":45}},"278":{"start":{"line":279,"column":0},"end":{"line":279,"column":36}},"279":{"start":{"line":280,"column":0},"end":{"line":280,"column":40}},"280":{"start":{"line":281,"column":0},"end":{"line":281,"column":14}},"281":{"start":{"line":282,"column":0},"end":{"line":282,"column":30}},"282":{"start":{"line":283,"column":0},"end":{"line":283,"column":22}},"283":{"start":{"line":284,"column":0},"end":{"line":284,"column":31}},"284":{"start":{"line":285,"column":0},"end":{"line":285,"column":20}},"285":{"start":{"line":286,"column":0},"end":{"line":286,"column":32}},"286":{"start":{"line":287,"column":0},"end":{"line":287,"column":35}},"287":{"start":{"line":288,"column":0},"end":{"line":288,"column":34}},"288":{"start":{"line":289,"column":0},"end":{"line":289,"column":14}},"289":{"start":{"line":290,"column":0},"end":{"line":290,"column":7}},"290":{"start":{"line":291,"column":0},"end":{"line":291,"column":0}},"291":{"start":{"line":292,"column":0},"end":{"line":292,"column":33}},"292":{"start":{"line":293,"column":0},"end":{"line":293,"column":20}},"293":{"start":{"line":294,"column":0},"end":{"line":294,"column":24}},"294":{"start":{"line":295,"column":0},"end":{"line":295,"column":17}},"295":{"start":{"line":296,"column":0},"end":{"line":296,"column":30}},"296":{"start":{"line":297,"column":0},"end":{"line":297,"column":33}},"297":{"start":{"line":298,"column":0},"end":{"line":298,"column":10}},"298":{"start":{"line":299,"column":0},"end":{"line":299,"column":35}},"299":{"start":{"line":300,"column":0},"end":{"line":300,"column":0}},"300":{"start":{"line":301,"column":0},"end":{"line":301,"column":39}},"301":{"start":{"line":302,"column":0},"end":{"line":302,"column":24}},"302":{"start":{"line":303,"column":0},"end":{"line":303,"column":21}},"303":{"start":{"line":304,"column":0},"end":{"line":304,"column":34}},"304":{"start":{"line":305,"column":0},"end":{"line":305,"column":15}},"305":{"start":{"line":306,"column":0},"end":{"line":306,"column":21}},"306":{"start":{"line":307,"column":0},"end":{"line":307,"column":36}},"307":{"start":{"line":308,"column":0},"end":{"line":308,"column":40}},"308":{"start":{"line":309,"column":0},"end":{"line":309,"column":38}},"309":{"start":{"line":310,"column":0},"end":{"line":310,"column":15}},"310":{"start":{"line":311,"column":0},"end":{"line":311,"column":15}},"311":{"start":{"line":312,"column":0},"end":{"line":312,"column":9}},"312":{"start":{"line":313,"column":0},"end":{"line":313,"column":8}},"313":{"start":{"line":314,"column":0},"end":{"line":314,"column":21}},"314":{"start":{"line":315,"column":0},"end":{"line":315,"column":51}},"315":{"start":{"line":316,"column":0},"end":{"line":316,"column":5}},"316":{"start":{"line":317,"column":0},"end":{"line":317,"column":4}},"317":{"start":{"line":318,"column":0},"end":{"line":318,"column":0}},"318":{"start":{"line":319,"column":0},"end":{"line":319,"column":99}},"319":{"start":{"line":320,"column":0},"end":{"line":320,"column":49}},"320":{"start":{"line":321,"column":0},"end":{"line":321,"column":53}},"321":{"start":{"line":322,"column":0},"end":{"line":322,"column":57}},"322":{"start":{"line":323,"column":0},"end":{"line":323,"column":0}},"323":{"start":{"line":324,"column":0},"end":{"line":324,"column":12}},"324":{"start":{"line":325,"column":0},"end":{"line":325,"column":37}},"325":{"start":{"line":326,"column":0},"end":{"line":326,"column":16}},"326":{"start":{"line":327,"column":0},"end":{"line":327,"column":77}},"327":{"start":{"line":328,"column":0},"end":{"line":328,"column":62}},"328":{"start":{"line":329,"column":0},"end":{"line":329,"column":27}},"329":{"start":{"line":330,"column":0},"end":{"line":330,"column":7}},"330":{"start":{"line":331,"column":0},"end":{"line":331,"column":12}},"331":{"start":{"line":332,"column":0},"end":{"line":332,"column":20}},"332":{"start":{"line":333,"column":0},"end":{"line":333,"column":21}},"333":{"start":{"line":334,"column":0},"end":{"line":334,"column":29}},"334":{"start":{"line":335,"column":0},"end":{"line":335,"column":48}},"335":{"start":{"line":336,"column":0},"end":{"line":336,"column":58}},"336":{"start":{"line":337,"column":0},"end":{"line":337,"column":25}},"337":{"start":{"line":338,"column":0},"end":{"line":338,"column":31}},"338":{"start":{"line":339,"column":0},"end":{"line":339,"column":32}},"339":{"start":{"line":340,"column":0},"end":{"line":340,"column":9}},"340":{"start":{"line":341,"column":0},"end":{"line":341,"column":47}},"341":{"start":{"line":342,"column":0},"end":{"line":342,"column":138}},"342":{"start":{"line":343,"column":0},"end":{"line":343,"column":14}},"343":{"start":{"line":344,"column":0},"end":{"line":344,"column":60}},"344":{"start":{"line":345,"column":0},"end":{"line":345,"column":15}},"345":{"start":{"line":346,"column":0},"end":{"line":346,"column":8}},"346":{"start":{"line":347,"column":0},"end":{"line":347,"column":14}},"347":{"start":{"line":348,"column":0},"end":{"line":348,"column":81}},"348":{"start":{"line":349,"column":0},"end":{"line":349,"column":64}},"349":{"start":{"line":350,"column":0},"end":{"line":350,"column":29}},"350":{"start":{"line":351,"column":0},"end":{"line":351,"column":7}},"351":{"start":{"line":352,"column":0},"end":{"line":352,"column":12}},"352":{"start":{"line":353,"column":0},"end":{"line":353,"column":20}},"353":{"start":{"line":354,"column":0},"end":{"line":354,"column":21}},"354":{"start":{"line":355,"column":0},"end":{"line":355,"column":29}},"355":{"start":{"line":356,"column":0},"end":{"line":356,"column":50}},"356":{"start":{"line":357,"column":0},"end":{"line":357,"column":60}},"357":{"start":{"line":358,"column":0},"end":{"line":358,"column":25}},"358":{"start":{"line":359,"column":0},"end":{"line":359,"column":31}},"359":{"start":{"line":360,"column":0},"end":{"line":360,"column":32}},"360":{"start":{"line":361,"column":0},"end":{"line":361,"column":9}},"361":{"start":{"line":362,"column":0},"end":{"line":362,"column":47}},"362":{"start":{"line":363,"column":0},"end":{"line":363,"column":156}},"363":{"start":{"line":364,"column":0},"end":{"line":364,"column":14}},"364":{"start":{"line":365,"column":0},"end":{"line":365,"column":62}},"365":{"start":{"line":366,"column":0},"end":{"line":366,"column":15}},"366":{"start":{"line":367,"column":0},"end":{"line":367,"column":8}},"367":{"start":{"line":368,"column":0},"end":{"line":368,"column":79}},"368":{"start":{"line":369,"column":0},"end":{"line":369,"column":14}},"369":{"start":{"line":370,"column":0},"end":{"line":370,"column":22}},"370":{"start":{"line":371,"column":0},"end":{"line":371,"column":23}},"371":{"start":{"line":372,"column":0},"end":{"line":372,"column":31}},"372":{"start":{"line":373,"column":0},"end":{"line":373,"column":23}},"373":{"start":{"line":374,"column":0},"end":{"line":374,"column":33}},"374":{"start":{"line":375,"column":0},"end":{"line":375,"column":27}},"375":{"start":{"line":376,"column":0},"end":{"line":376,"column":11}},"376":{"start":{"line":377,"column":0},"end":{"line":377,"column":49}},"377":{"start":{"line":378,"column":0},"end":{"line":378,"column":82}},"378":{"start":{"line":379,"column":0},"end":{"line":379,"column":50}},"379":{"start":{"line":380,"column":0},"end":{"line":380,"column":16}},"380":{"start":{"line":381,"column":0},"end":{"line":381,"column":17}},"381":{"start":{"line":382,"column":0},"end":{"line":382,"column":12}},"382":{"start":{"line":383,"column":0},"end":{"line":383,"column":6}},"383":{"start":{"line":384,"column":0},"end":{"line":384,"column":4}},"384":{"start":{"line":385,"column":0},"end":{"line":385,"column":0}},"385":{"start":{"line":386,"column":0},"end":{"line":386,"column":44}},"386":{"start":{"line":387,"column":0},"end":{"line":387,"column":41}},"387":{"start":{"line":388,"column":0},"end":{"line":388,"column":45}},"388":{"start":{"line":389,"column":0},"end":{"line":389,"column":35}},"389":{"start":{"line":390,"column":0},"end":{"line":390,"column":4}},"390":{"start":{"line":391,"column":0},"end":{"line":391,"column":0}},"391":{"start":{"line":392,"column":0},"end":{"line":392,"column":76}},"392":{"start":{"line":393,"column":0},"end":{"line":393,"column":23}},"393":{"start":{"line":394,"column":0},"end":{"line":394,"column":61}},"394":{"start":{"line":395,"column":0},"end":{"line":395,"column":32}},"395":{"start":{"line":396,"column":0},"end":{"line":396,"column":0}},"396":{"start":{"line":397,"column":0},"end":{"line":397,"column":36}},"397":{"start":{"line":398,"column":0},"end":{"line":398,"column":22}},"398":{"start":{"line":399,"column":0},"end":{"line":399,"column":15}},"399":{"start":{"line":400,"column":0},"end":{"line":400,"column":39}},"400":{"start":{"line":401,"column":0},"end":{"line":401,"column":29}},"401":{"start":{"line":402,"column":0},"end":{"line":402,"column":8}},"402":{"start":{"line":403,"column":0},"end":{"line":403,"column":32}},"403":{"start":{"line":404,"column":0},"end":{"line":404,"column":31}},"404":{"start":{"line":405,"column":0},"end":{"line":405,"column":0}},"405":{"start":{"line":406,"column":0},"end":{"line":406,"column":16}},"406":{"start":{"line":407,"column":0},"end":{"line":407,"column":50}},"407":{"start":{"line":408,"column":0},"end":{"line":408,"column":13}},"408":{"start":{"line":409,"column":0},"end":{"line":409,"column":5}},"409":{"start":{"line":410,"column":0},"end":{"line":410,"column":0}},"410":{"start":{"line":411,"column":0},"end":{"line":411,"column":22}},"411":{"start":{"line":412,"column":0},"end":{"line":412,"column":21}},"412":{"start":{"line":413,"column":0},"end":{"line":413,"column":32}},"413":{"start":{"line":414,"column":0},"end":{"line":414,"column":74}},"414":{"start":{"line":415,"column":0},"end":{"line":415,"column":13}},"415":{"start":{"line":416,"column":0},"end":{"line":416,"column":7}},"416":{"start":{"line":417,"column":0},"end":{"line":417,"column":6}},"417":{"start":{"line":418,"column":0},"end":{"line":418,"column":0}},"418":{"start":{"line":419,"column":0},"end":{"line":419,"column":29}},"419":{"start":{"line":420,"column":0},"end":{"line":420,"column":4}},"420":{"start":{"line":421,"column":0},"end":{"line":421,"column":0}},"421":{"start":{"line":422,"column":0},"end":{"line":422,"column":52}},"422":{"start":{"line":423,"column":0},"end":{"line":423,"column":83}},"423":{"start":{"line":424,"column":0},"end":{"line":424,"column":25}},"424":{"start":{"line":425,"column":0},"end":{"line":425,"column":0}},"425":{"start":{"line":426,"column":0},"end":{"line":426,"column":36}},"426":{"start":{"line":427,"column":0},"end":{"line":427,"column":22}},"427":{"start":{"line":428,"column":0},"end":{"line":428,"column":15}},"428":{"start":{"line":429,"column":0},"end":{"line":429,"column":32}},"429":{"start":{"line":430,"column":0},"end":{"line":430,"column":36}},"430":{"start":{"line":431,"column":0},"end":{"line":431,"column":0}},"431":{"start":{"line":432,"column":0},"end":{"line":432,"column":16}},"432":{"start":{"line":433,"column":0},"end":{"line":433,"column":44}},"433":{"start":{"line":434,"column":0},"end":{"line":434,"column":13}},"434":{"start":{"line":435,"column":0},"end":{"line":435,"column":5}},"435":{"start":{"line":436,"column":0},"end":{"line":436,"column":0}},"436":{"start":{"line":437,"column":0},"end":{"line":437,"column":67}},"437":{"start":{"line":438,"column":0},"end":{"line":438,"column":4}},"438":{"start":{"line":439,"column":0},"end":{"line":439,"column":0}},"439":{"start":{"line":440,"column":0},"end":{"line":440,"column":30}},"440":{"start":{"line":441,"column":0},"end":{"line":441,"column":0}},"441":{"start":{"line":442,"column":0},"end":{"line":442,"column":10}},"442":{"start":{"line":443,"column":0},"end":{"line":443,"column":34}},"443":{"start":{"line":444,"column":0},"end":{"line":444,"column":42}},"444":{"start":{"line":445,"column":0},"end":{"line":445,"column":37}},"445":{"start":{"line":446,"column":0},"end":{"line":446,"column":85}},"446":{"start":{"line":447,"column":0},"end":{"line":447,"column":36}},"447":{"start":{"line":448,"column":0},"end":{"line":448,"column":69}},"448":{"start":{"line":449,"column":0},"end":{"line":449,"column":50}},"449":{"start":{"line":450,"column":0},"end":{"line":450,"column":99}},"450":{"start":{"line":451,"column":0},"end":{"line":451,"column":99}},"451":{"start":{"line":452,"column":0},"end":{"line":452,"column":99}},"452":{"start":{"line":453,"column":0},"end":{"line":453,"column":14}},"453":{"start":{"line":454,"column":0},"end":{"line":454,"column":18}},"454":{"start":{"line":455,"column":0},"end":{"line":455,"column":18}},"455":{"start":{"line":456,"column":0},"end":{"line":456,"column":94}},"456":{"start":{"line":457,"column":0},"end":{"line":457,"column":45}},"457":{"start":{"line":458,"column":0},"end":{"line":458,"column":13}},"458":{"start":{"line":459,"column":0},"end":{"line":459,"column":25}},"459":{"start":{"line":460,"column":0},"end":{"line":460,"column":19}},"460":{"start":{"line":461,"column":0},"end":{"line":461,"column":51}},"461":{"start":{"line":462,"column":0},"end":{"line":462,"column":43}},"462":{"start":{"line":463,"column":0},"end":{"line":463,"column":37}},"463":{"start":{"line":464,"column":0},"end":{"line":464,"column":63}},"464":{"start":{"line":465,"column":0},"end":{"line":465,"column":17}},"465":{"start":{"line":466,"column":0},"end":{"line":466,"column":39}},"466":{"start":{"line":467,"column":0},"end":{"line":467,"column":68}},"467":{"start":{"line":468,"column":0},"end":{"line":468,"column":59}},"468":{"start":{"line":469,"column":0},"end":{"line":469,"column":111}},"469":{"start":{"line":470,"column":0},"end":{"line":470,"column":31}},"470":{"start":{"line":471,"column":0},"end":{"line":471,"column":57}},"471":{"start":{"line":472,"column":0},"end":{"line":472,"column":45}},"472":{"start":{"line":473,"column":0},"end":{"line":473,"column":74}},"473":{"start":{"line":474,"column":0},"end":{"line":474,"column":32}},"474":{"start":{"line":475,"column":0},"end":{"line":475,"column":24}},"475":{"start":{"line":476,"column":0},"end":{"line":476,"column":61}},"476":{"start":{"line":477,"column":0},"end":{"line":477,"column":36}},"477":{"start":{"line":478,"column":0},"end":{"line":478,"column":68}},"478":{"start":{"line":479,"column":0},"end":{"line":479,"column":50}},"479":{"start":{"line":480,"column":0},"end":{"line":480,"column":56}},"480":{"start":{"line":481,"column":0},"end":{"line":481,"column":68}},"481":{"start":{"line":482,"column":0},"end":{"line":482,"column":26}},"482":{"start":{"line":483,"column":0},"end":{"line":483,"column":28}},"483":{"start":{"line":484,"column":0},"end":{"line":484,"column":57}},"484":{"start":{"line":485,"column":0},"end":{"line":485,"column":83}},"485":{"start":{"line":486,"column":0},"end":{"line":486,"column":128}},"486":{"start":{"line":487,"column":0},"end":{"line":487,"column":28}},"487":{"start":{"line":488,"column":0},"end":{"line":488,"column":27}},"488":{"start":{"line":489,"column":0},"end":{"line":489,"column":23}},"489":{"start":{"line":490,"column":0},"end":{"line":490,"column":22}},"490":{"start":{"line":491,"column":0},"end":{"line":491,"column":54}},"491":{"start":{"line":492,"column":0},"end":{"line":492,"column":55}},"492":{"start":{"line":493,"column":0},"end":{"line":493,"column":93}},"493":{"start":{"line":494,"column":0},"end":{"line":494,"column":112}},"494":{"start":{"line":495,"column":0},"end":{"line":495,"column":30}},"495":{"start":{"line":496,"column":0},"end":{"line":496,"column":24}},"496":{"start":{"line":497,"column":0},"end":{"line":497,"column":55}},"497":{"start":{"line":498,"column":0},"end":{"line":498,"column":38}},"498":{"start":{"line":499,"column":0},"end":{"line":499,"column":50}},"499":{"start":{"line":500,"column":0},"end":{"line":500,"column":46}},"500":{"start":{"line":501,"column":0},"end":{"line":501,"column":47}},"501":{"start":{"line":502,"column":0},"end":{"line":502,"column":47}},"502":{"start":{"line":503,"column":0},"end":{"line":503,"column":44}},"503":{"start":{"line":504,"column":0},"end":{"line":504,"column":37}},"504":{"start":{"line":505,"column":0},"end":{"line":505,"column":28}},"505":{"start":{"line":506,"column":0},"end":{"line":506,"column":30}},"506":{"start":{"line":507,"column":0},"end":{"line":507,"column":24}},"507":{"start":{"line":508,"column":0},"end":{"line":508,"column":83}},"508":{"start":{"line":509,"column":0},"end":{"line":509,"column":24}},"509":{"start":{"line":510,"column":0},"end":{"line":510,"column":62}},"510":{"start":{"line":511,"column":0},"end":{"line":511,"column":58}},"511":{"start":{"line":512,"column":0},"end":{"line":512,"column":110}},"512":{"start":{"line":513,"column":0},"end":{"line":513,"column":126}},"513":{"start":{"line":514,"column":0},"end":{"line":514,"column":32}},"514":{"start":{"line":515,"column":0},"end":{"line":515,"column":26}},"515":{"start":{"line":516,"column":0},"end":{"line":516,"column":28}},"516":{"start":{"line":517,"column":0},"end":{"line":517,"column":22}},"517":{"start":{"line":518,"column":0},"end":{"line":518,"column":53}},"518":{"start":{"line":519,"column":0},"end":{"line":519,"column":51}},"519":{"start":{"line":520,"column":0},"end":{"line":520,"column":114}},"520":{"start":{"line":521,"column":0},"end":{"line":521,"column":99}},"521":{"start":{"line":522,"column":0},"end":{"line":522,"column":83}},"522":{"start":{"line":523,"column":0},"end":{"line":523,"column":30}},"523":{"start":{"line":524,"column":0},"end":{"line":524,"column":24}},"524":{"start":{"line":525,"column":0},"end":{"line":525,"column":110}},"525":{"start":{"line":526,"column":0},"end":{"line":526,"column":103}},"526":{"start":{"line":527,"column":0},"end":{"line":527,"column":85}},"527":{"start":{"line":528,"column":0},"end":{"line":528,"column":30}},"528":{"start":{"line":529,"column":0},"end":{"line":529,"column":24}},"529":{"start":{"line":530,"column":0},"end":{"line":530,"column":92}},"530":{"start":{"line":531,"column":0},"end":{"line":531,"column":97}},"531":{"start":{"line":532,"column":0},"end":{"line":532,"column":30}},"532":{"start":{"line":533,"column":0},"end":{"line":533,"column":28}},"533":{"start":{"line":534,"column":0},"end":{"line":534,"column":28}},"534":{"start":{"line":535,"column":0},"end":{"line":535,"column":23}},"535":{"start":{"line":536,"column":0},"end":{"line":536,"column":20}},"536":{"start":{"line":537,"column":0},"end":{"line":537,"column":22}},"537":{"start":{"line":538,"column":0},"end":{"line":538,"column":16}},"538":{"start":{"line":539,"column":0},"end":{"line":539,"column":14}},"539":{"start":{"line":540,"column":0},"end":{"line":540,"column":0}},"540":{"start":{"line":541,"column":0},"end":{"line":541,"column":51}},"541":{"start":{"line":542,"column":0},"end":{"line":542,"column":37}},"542":{"start":{"line":543,"column":0},"end":{"line":543,"column":68}},"543":{"start":{"line":544,"column":0},"end":{"line":544,"column":44}},"544":{"start":{"line":545,"column":0},"end":{"line":545,"column":61}},"545":{"start":{"line":546,"column":0},"end":{"line":546,"column":25}},"546":{"start":{"line":547,"column":0},"end":{"line":547,"column":32}},"547":{"start":{"line":548,"column":0},"end":{"line":548,"column":33}},"548":{"start":{"line":549,"column":0},"end":{"line":549,"column":50}},"549":{"start":{"line":550,"column":0},"end":{"line":550,"column":37}},"550":{"start":{"line":551,"column":0},"end":{"line":551,"column":66}},"551":{"start":{"line":552,"column":0},"end":{"line":552,"column":29}},"552":{"start":{"line":553,"column":0},"end":{"line":553,"column":20}},"553":{"start":{"line":554,"column":0},"end":{"line":554,"column":22}},"554":{"start":{"line":555,"column":0},"end":{"line":555,"column":16}},"555":{"start":{"line":556,"column":0},"end":{"line":556,"column":44}},"556":{"start":{"line":557,"column":0},"end":{"line":557,"column":61}},"557":{"start":{"line":558,"column":0},"end":{"line":558,"column":28}},"558":{"start":{"line":559,"column":0},"end":{"line":559,"column":31}},"559":{"start":{"line":560,"column":0},"end":{"line":560,"column":59}},"560":{"start":{"line":561,"column":0},"end":{"line":561,"column":38}},"561":{"start":{"line":562,"column":0},"end":{"line":562,"column":67}},"562":{"start":{"line":563,"column":0},"end":{"line":563,"column":29}},"563":{"start":{"line":564,"column":0},"end":{"line":564,"column":20}},"564":{"start":{"line":565,"column":0},"end":{"line":565,"column":22}},"565":{"start":{"line":566,"column":0},"end":{"line":566,"column":16}},"566":{"start":{"line":567,"column":0},"end":{"line":567,"column":44}},"567":{"start":{"line":568,"column":0},"end":{"line":568,"column":39}},"568":{"start":{"line":569,"column":0},"end":{"line":569,"column":30}},"569":{"start":{"line":570,"column":0},"end":{"line":570,"column":50}},"570":{"start":{"line":571,"column":0},"end":{"line":571,"column":38}},"571":{"start":{"line":572,"column":0},"end":{"line":572,"column":44}},"572":{"start":{"line":573,"column":0},"end":{"line":573,"column":56}},"573":{"start":{"line":574,"column":0},"end":{"line":574,"column":20}},"574":{"start":{"line":575,"column":0},"end":{"line":575,"column":22}},"575":{"start":{"line":576,"column":0},"end":{"line":576,"column":16}},"576":{"start":{"line":577,"column":0},"end":{"line":577,"column":93}},"577":{"start":{"line":578,"column":0},"end":{"line":578,"column":21}},"578":{"start":{"line":579,"column":0},"end":{"line":579,"column":14}},"579":{"start":{"line":580,"column":0},"end":{"line":580,"column":75}},"580":{"start":{"line":581,"column":0},"end":{"line":581,"column":18}},"581":{"start":{"line":582,"column":0},"end":{"line":582,"column":16}},"582":{"start":{"line":583,"column":0},"end":{"line":583,"column":16}},"583":{"start":{"line":584,"column":0},"end":{"line":584,"column":14}},"584":{"start":{"line":585,"column":0},"end":{"line":585,"column":12}},"585":{"start":{"line":586,"column":0},"end":{"line":586,"column":10}},"586":{"start":{"line":587,"column":0},"end":{"line":587,"column":4}},"587":{"start":{"line":588,"column":0},"end":{"line":588,"column":1}},"588":{"start":{"line":589,"column":0},"end":{"line":589,"column":0}},"589":{"start":{"line":590,"column":0},"end":{"line":590,"column":23}}},"s":{"0":1,"1":1,"2":1,"3":1,"4":1,"5":1,"6":1,"7":1,"8":1,"9":1,"10":1,"11":1,"12":1,"13":1,"14":1,"15":1,"16":1,"17":1,"18":1,"19":1,"20":1,"21":15,"22":15,"23":15,"24":15,"25":15,"26":15,"27":15,"28":15,"29":15,"30":15,"31":15,"32":15,"33":15,"34":15,"35":15,"36":15,"37":15,"38":15,"39":15,"40":15,"41":8,"42":8,"43":8,"44":8,"45":8,"46":8,"47":8,"48":8,"49":8,"50":8,"51":8,"52":8,"53":0,"54":0,"55":0,"56":8,"57":8,"58":8,"59":8,"60":8,"61":8,"62":8,"63":8,"64":8,"65":8,"66":8,"67":8,"68":15,"69":15,"70":15,"71":22,"72":22,"73":22,"74":22,"75":22,"76":22,"77":22,"78":22,"79":22,"80":22,"81":22,"82":22,"83":22,"84":22,"85":22,"86":22,"87":22,"88":110,"89":110,"90":110,"91":110,"92":110,"93":110,"94":110,"95":110,"96":110,"97":110,"98":110,"99":110,"100":110,"101":110,"102":110,"103":110,"104":110,"105":110,"106":110,"107":110,"108":110,"109":110,"110":110,"111":110,"112":0,"113":0,"114":0,"115":0,"116":0,"117":0,"118":110,"119":110,"120":0,"121":0,"122":0,"123":0,"124":110,"125":110,"126":110,"127":52,"128":52,"129":52,"130":0,"131":0,"132":0,"133":52,"134":52,"135":52,"136":110,"137":110,"138":110,"139":22,"140":22,"141":22,"142":22,"143":15,"144":15,"145":15,"146":15,"147":4,"148":4,"149":4,"150":4,"151":4,"152":4,"153":4,"154":15,"155":15,"156":15,"157":15,"158":8,"159":8,"160":8,"161":8,"162":8,"163":8,"164":8,"165":8,"166":8,"167":8,"168":8,"169":8,"170":8,"171":8,"172":8,"173":8,"174":8,"175":8,"176":8,"177":8,"178":8,"179":8,"180":8,"181":8,"182":8,"183":8,"184":8,"185":15,"186":15,"187":15,"188":15,"189":0,"190":0,"191":0,"192":0,"193":0,"194":0,"195":0,"196":0,"197":0,"198":0,"199":0,"200":0,"201":0,"202":0,"203":0,"204":0,"205":0,"206":0,"207":0,"208":0,"209":0,"210":0,"211":0,"212":0,"213":0,"214":0,"215":0,"216":0,"217":0,"218":0,"219":0,"220":0,"221":0,"222":0,"223":0,"224":0,"225":0,"226":0,"227":15,"228":15,"229":15,"230":0,"231":0,"232":0,"233":0,"234":0,"235":0,"236":0,"237":0,"238":0,"239":0,"240":0,"241":0,"242":0,"243":0,"244":0,"245":0,"246":0,"247":0,"248":0,"249":0,"250":0,"251":0,"252":0,"253":0,"254":0,"255":0,"256":0,"257":0,"258":0,"259":0,"260":0,"261":0,"262":0,"263":0,"264":0,"265":0,"266":0,"267":0,"268":0,"269":0,"270":0,"271":0,"272":0,"273":0,"274":0,"275":0,"276":0,"277":0,"278":0,"279":0,"280":0,"281":0,"282":0,"283":0,"284":0,"285":0,"286":0,"287":0,"288":0,"289":0,"290":0,"291":0,"292":0,"293":0,"294":0,"295":0,"296":0,"297":0,"298":0,"299":0,"300":0,"301":0,"302":0,"303":0,"304":0,"305":0,"306":0,"307":0,"308":0,"309":0,"310":0,"311":0,"312":0,"313":0,"314":0,"315":0,"316":15,"317":15,"318":15,"319":15,"320":9,"321":9,"322":9,"323":9,"324":9,"325":9,"326":9,"327":9,"328":9,"329":9,"330":9,"331":9,"332":9,"333":9,"334":9,"335":9,"336":9,"337":9,"338":9,"339":9,"340":9,"341":9,"342":9,"343":9,"344":9,"345":9,"346":9,"347":9,"348":9,"349":9,"350":9,"351":9,"352":9,"353":9,"354":9,"355":9,"356":9,"357":9,"358":9,"359":9,"360":9,"361":9,"362":9,"363":9,"364":9,"365":9,"366":9,"367":9,"368":9,"369":9,"370":9,"371":9,"372":9,"373":9,"374":9,"375":9,"376":9,"377":9,"378":9,"379":9,"380":9,"381":9,"382":9,"383":15,"384":15,"385":15,"386":1,"387":1,"388":1,"389":15,"390":15,"391":15,"392":0,"393":0,"394":0,"395":0,"396":0,"397":0,"398":0,"399":0,"400":0,"401":0,"402":0,"403":0,"404":0,"405":0,"406":0,"407":0,"408":0,"409":0,"410":0,"411":0,"412":0,"413":0,"414":0,"415":0,"416":0,"417":0,"418":0,"419":15,"420":15,"421":15,"422":1,"423":1,"424":0,"425":0,"426":0,"427":0,"428":0,"429":0,"430":0,"431":0,"432":0,"433":0,"434":0,"435":0,"436":0,"437":15,"438":15,"439":15,"440":11,"441":11,"442":11,"443":11,"444":11,"445":11,"446":11,"447":11,"448":11,"449":11,"450":11,"451":11,"452":11,"453":11,"454":11,"455":11,"456":11,"457":11,"458":11,"459":11,"460":11,"461":11,"462":11,"463":0,"464":11,"465":11,"466":11,"467":11,"468":2,"469":2,"470":2,"471":2,"472":2,"473":2,"474":2,"475":2,"476":2,"477":2,"478":2,"479":2,"480":2,"481":2,"482":2,"483":2,"484":2,"485":2,"486":2,"487":2,"488":9,"489":9,"490":9,"491":9,"492":9,"493":9,"494":9,"495":9,"496":9,"497":9,"498":9,"499":9,"500":9,"501":9,"502":9,"503":9,"504":9,"505":9,"506":9,"507":9,"508":9,"509":9,"510":9,"511":9,"512":9,"513":9,"514":9,"515":9,"516":9,"517":9,"518":9,"519":9,"520":9,"521":9,"522":9,"523":9,"524":9,"525":9,"526":9,"527":9,"528":9,"529":9,"530":9,"531":9,"532":9,"533":9,"534":9,"535":11,"536":11,"537":11,"538":15,"539":15,"540":15,"541":15,"542":15,"543":15,"544":15,"545":15,"546":15,"547":15,"548":15,"549":15,"550":15,"551":15,"552":15,"553":15,"554":15,"555":15,"556":15,"557":15,"558":15,"559":15,"560":15,"561":15,"562":15,"563":15,"564":15,"565":15,"566":15,"567":15,"568":15,"569":15,"570":15,"571":15,"572":15,"573":15,"574":15,"575":15,"576":15,"577":15,"578":15,"579":15,"580":15,"581":15,"582":15,"583":15,"584":15,"585":15,"586":15,"587":15,"588":1,"589":1},"branchMap":{"0":{"type":"branch","line":22,"loc":{"start":{"line":22,"column":0},"end":{"line":588,"column":1}},"locations":[{"start":{"line":22,"column":0},"end":{"line":588,"column":1}}]},"1":{"type":"branch","line":440,"loc":{"start":{"line":440,"column":18},"end":{"line":440,"column":30}},"locations":[{"start":{"line":440,"column":18},"end":{"line":440,"column":30}}]},"2":{"type":"branch","line":440,"loc":{"start":{"line":440,"column":29},"end":{"line":463,"column":37}},"locations":[{"start":{"line":440,"column":29},"end":{"line":463,"column":37}}]},"3":{"type":"branch","line":463,"loc":{"start":{"line":463,"column":33},"end":{"line":464,"column":63}},"locations":[{"start":{"line":463,"column":33},"end":{"line":464,"column":63}}]},"4":{"type":"branch","line":465,"loc":{"start":{"line":465,"column":-2},"end":{"line":538,"column":16}},"locations":[{"start":{"line":465,"column":-2},"end":{"line":538,"column":16}}]},"5":{"type":"branch","line":570,"loc":{"start":{"line":570,"column":38},"end":{"line":570,"column":49}},"locations":[{"start":{"line":570,"column":38},"end":{"line":570,"column":49}}]},"6":{"type":"branch","line":41,"loc":{"start":{"line":41,"column":23},"end":{"line":69,"column":3}},"locations":[{"start":{"line":41,"column":23},"end":{"line":69,"column":3}}]},"7":{"type":"branch","line":42,"loc":{"start":{"line":42,"column":22},"end":{"line":42,"column":29}},"locations":[{"start":{"line":42,"column":22},"end":{"line":42,"column":29}}]},"8":{"type":"branch","line":53,"loc":{"start":{"line":53,"column":15},"end":{"line":56,"column":5}},"locations":[{"start":{"line":53,"column":15},"end":{"line":56,"column":5}}]},"9":{"type":"branch","line":60,"loc":{"start":{"line":60,"column":49},"end":{"line":65,"column":8}},"locations":[{"start":{"line":60,"column":49},"end":{"line":65,"column":8}}]},"10":{"type":"branch","line":62,"loc":{"start":{"line":62,"column":38},"end":{"line":62,"column":46}},"locations":[{"start":{"line":62,"column":38},"end":{"line":62,"column":46}}]},"11":{"type":"branch","line":62,"loc":{"start":{"line":62,"column":50},"end":{"line":63,"column":44}},"locations":[{"start":{"line":62,"column":50},"end":{"line":63,"column":44}}]},"12":{"type":"branch","line":71,"loc":{"start":{"line":71,"column":21},"end":{"line":144,"column":3}},"locations":[{"start":{"line":71,"column":21},"end":{"line":144,"column":3}}]},"13":{"type":"branch","line":88,"loc":{"start":{"line":88,"column":30},"end":{"line":140,"column":9}},"locations":[{"start":{"line":88,"column":30},"end":{"line":140,"column":9}}]},"14":{"type":"branch","line":95,"loc":{"start":{"line":95,"column":49},"end":{"line":95,"column":62}},"locations":[{"start":{"line":95,"column":49},"end":{"line":95,"column":62}}]},"15":{"type":"branch","line":95,"loc":{"start":{"line":95,"column":62},"end":{"line":95,"column":67}},"locations":[{"start":{"line":95,"column":62},"end":{"line":95,"column":67}}]},"16":{"type":"branch","line":106,"loc":{"start":{"line":106,"column":30},"end":{"line":106,"column":42}},"locations":[{"start":{"line":106,"column":30},"end":{"line":106,"column":42}}]},"17":{"type":"branch","line":106,"loc":{"start":{"line":106,"column":42},"end":{"line":106,"column":52}},"locations":[{"start":{"line":106,"column":42},"end":{"line":106,"column":52}}]},"18":{"type":"branch","line":112,"loc":{"start":{"line":112,"column":23},"end":{"line":118,"column":25}},"locations":[{"start":{"line":112,"column":23},"end":{"line":118,"column":25}}]},"19":{"type":"branch","line":120,"loc":{"start":{"line":120,"column":23},"end":{"line":124,"column":20}},"locations":[{"start":{"line":120,"column":23},"end":{"line":124,"column":20}}]},"20":{"type":"branch","line":127,"loc":{"start":{"line":127,"column":23},"end":{"line":127,"column":35}},"locations":[{"start":{"line":127,"column":23},"end":{"line":127,"column":35}}]},"21":{"type":"branch","line":127,"loc":{"start":{"line":127,"column":35},"end":{"line":136,"column":25}},"locations":[{"start":{"line":127,"column":35},"end":{"line":136,"column":25}}]},"22":{"type":"branch","line":99,"loc":{"start":{"line":99,"column":23},"end":{"line":99,"column":54}},"locations":[{"start":{"line":99,"column":23},"end":{"line":99,"column":54}}]},"23":{"type":"branch","line":99,"loc":{"start":{"line":99,"column":37},"end":{"line":99,"column":54}},"locations":[{"start":{"line":99,"column":37},"end":{"line":99,"column":54}}]},"24":{"type":"branch","line":147,"loc":{"start":{"line":147,"column":12},"end":{"line":155,"column":3}},"locations":[{"start":{"line":147,"column":12},"end":{"line":155,"column":3}}]},"25":{"type":"branch","line":148,"loc":{"start":{"line":148,"column":20},"end":{"line":153,"column":5}},"locations":[{"start":{"line":148,"column":20},"end":{"line":153,"column":5}}]},"26":{"type":"branch","line":152,"loc":{"start":{"line":152,"column":31},"end":{"line":152,"column":39}},"locations":[{"start":{"line":152,"column":31},"end":{"line":152,"column":39}}]},"27":{"type":"branch","line":158,"loc":{"start":{"line":158,"column":12},"end":{"line":186,"column":3}},"locations":[{"start":{"line":158,"column":12},"end":{"line":186,"column":3}}]},"28":{"type":"branch","line":159,"loc":{"start":{"line":159,"column":22},"end":{"line":159,"column":29}},"locations":[{"start":{"line":159,"column":22},"end":{"line":159,"column":29}}]},"29":{"type":"branch","line":161,"loc":{"start":{"line":161,"column":22},"end":{"line":183,"column":5}},"locations":[{"start":{"line":161,"column":22},"end":{"line":183,"column":5}}]},"30":{"type":"branch","line":168,"loc":{"start":{"line":168,"column":22},"end":{"line":168,"column":29}},"locations":[{"start":{"line":168,"column":22},"end":{"line":168,"column":29}}]},"31":{"type":"branch","line":320,"loc":{"start":{"line":320,"column":29},"end":{"line":384,"column":3}},"locations":[{"start":{"line":320,"column":29},"end":{"line":384,"column":3}}]},"32":{"type":"branch","line":327,"loc":{"start":{"line":327,"column":58},"end":{"line":327,"column":69}},"locations":[{"start":{"line":327,"column":58},"end":{"line":327,"column":69}}]},"33":{"type":"branch","line":335,"loc":{"start":{"line":335,"column":26},"end":{"line":335,"column":38}},"locations":[{"start":{"line":335,"column":26},"end":{"line":335,"column":38}}]},"34":{"type":"branch","line":336,"loc":{"start":{"line":336,"column":28},"end":{"line":336,"column":40}},"locations":[{"start":{"line":336,"column":28},"end":{"line":336,"column":40}}]},"35":{"type":"branch","line":348,"loc":{"start":{"line":348,"column":62},"end":{"line":348,"column":73}},"locations":[{"start":{"line":348,"column":62},"end":{"line":348,"column":73}}]},"36":{"type":"branch","line":356,"loc":{"start":{"line":356,"column":28},"end":{"line":356,"column":40}},"locations":[{"start":{"line":356,"column":28},"end":{"line":356,"column":40}}]},"37":{"type":"branch","line":357,"loc":{"start":{"line":357,"column":30},"end":{"line":357,"column":42}},"locations":[{"start":{"line":357,"column":30},"end":{"line":357,"column":42}}]},"38":{"type":"branch","line":386,"loc":{"start":{"line":386,"column":24},"end":{"line":390,"column":3}},"locations":[{"start":{"line":386,"column":24},"end":{"line":390,"column":3}}]},"39":{"type":"branch","line":422,"loc":{"start":{"line":422,"column":23},"end":{"line":438,"column":3}},"locations":[{"start":{"line":422,"column":23},"end":{"line":438,"column":3}}]},"40":{"type":"branch","line":424,"loc":{"start":{"line":424,"column":18},"end":{"line":438,"column":3}},"locations":[{"start":{"line":424,"column":18},"end":{"line":438,"column":3}}]},"41":{"type":"branch","line":466,"loc":{"start":{"line":466,"column":27},"end":{"line":537,"column":22}},"locations":[{"start":{"line":466,"column":27},"end":{"line":537,"column":22}}]},"42":{"type":"branch","line":468,"loc":{"start":{"line":468,"column":55},"end":{"line":488,"column":27}},"locations":[{"start":{"line":468,"column":55},"end":{"line":488,"column":27}}]},"43":{"type":"branch","line":489,"loc":{"start":{"line":489,"column":-2},"end":{"line":535,"column":23}},"locations":[{"start":{"line":489,"column":-2},"end":{"line":535,"column":23}}]},"44":{"type":"branch","line":512,"loc":{"start":{"line":512,"column":69},"end":{"line":512,"column":96}},"locations":[{"start":{"line":512,"column":69},"end":{"line":512,"column":96}}]},"45":{"type":"branch","line":513,"loc":{"start":{"line":513,"column":73},"end":{"line":513,"column":110}},"locations":[{"start":{"line":513,"column":73},"end":{"line":513,"column":110}}]},"46":{"type":"branch","line":562,"loc":{"start":{"line":562,"column":31},"end":{"line":562,"column":66}},"locations":[{"start":{"line":562,"column":31},"end":{"line":562,"column":66}}]}},"b":{"0":[15],"1":[4],"2":[11],"3":[0],"4":[11],"5":[11],"6":[8],"7":[0],"8":[0],"9":[8],"10":[0],"11":[0],"12":[22],"13":[110],"14":[65],"15":[45],"16":[44],"17":[66],"18":[0],"19":[0],"20":[65],"21":[52],"22":[1],"23":[0],"24":[4],"25":[4],"26":[0],"27":[8],"28":[0],"29":[8],"30":[0],"31":[9],"32":[0],"33":[0],"34":[0],"35":[0],"36":[0],"37":[0],"38":[1],"39":[1],"40":[0],"41":[11],"42":[2],"43":[9],"44":[1],"45":[1],"46":[2]},"fnMap":{"0":{"name":"Reviews","decl":{"start":{"line":22,"column":0},"end":{"line":588,"column":1}},"loc":{"start":{"line":22,"column":0},"end":{"line":588,"column":1}},"line":22},"1":{"name":"fetchReviews","decl":{"start":{"line":41,"column":23},"end":{"line":69,"column":3}},"loc":{"start":{"line":41,"column":23},"end":{"line":69,"column":3}},"line":41},"2":{"name":"StarRating","decl":{"start":{"line":71,"column":21},"end":{"line":144,"column":3}},"loc":{"start":{"line":71,"column":21},"end":{"line":144,"column":3}},"line":71},"3":{"name":"onMouseEnter","decl":{"start":{"line":97,"column":28},"end":{"line":97,"column":60}},"loc":{"start":{"line":97,"column":28},"end":{"line":97,"column":60}},"line":97},"4":{"name":"onMouseLeave","decl":{"start":{"line":98,"column":28},"end":{"line":98,"column":56}},"loc":{"start":{"line":98,"column":28},"end":{"line":98,"column":56}},"line":98},"5":{"name":"onClick","decl":{"start":{"line":99,"column":23},"end":{"line":99,"column":54}},"loc":{"start":{"line":99,"column":23},"end":{"line":99,"column":54}},"line":99},"6":{"name":"onClick","decl":{"start":{"line":130,"column":28},"end":{"line":133,"column":20}},"loc":{"start":{"line":130,"column":28},"end":{"line":133,"column":20}},"line":130},"7":{"name":"getUser","decl":{"start":{"line":148,"column":20},"end":{"line":153,"column":5}},"loc":{"start":{"line":148,"column":20},"end":{"line":153,"column":5}},"line":148},"8":{"name":"fetchData","decl":{"start":{"line":161,"column":22},"end":{"line":183,"column":5}},"loc":{"start":{"line":161,"column":22},"end":{"line":183,"column":5}},"line":161},"9":{"name":"handleSubmit","decl":{"start":{"line":189,"column":23},"end":{"line":228,"column":3}},"loc":{"start":{"line":189,"column":23},"end":{"line":228,"column":3}},"line":189},"10":{"name":"handleVote","decl":{"start":{"line":230,"column":21},"end":{"line":317,"column":3}},"loc":{"start":{"line":230,"column":21},"end":{"line":317,"column":3}},"line":230},"11":{"name":"renderVoteButtons","decl":{"start":{"line":320,"column":29},"end":{"line":384,"column":3}},"loc":{"start":{"line":320,"column":29},"end":{"line":384,"column":3}},"line":320},"12":{"name":"onClick","decl":{"start":{"line":328,"column":17},"end":{"line":328,"column":62}},"loc":{"start":{"line":328,"column":17},"end":{"line":328,"column":62}},"line":328},"13":{"name":"onClick","decl":{"start":{"line":349,"column":17},"end":{"line":349,"column":64}},"loc":{"start":{"line":349,"column":17},"end":{"line":349,"column":64}},"line":349},"14":{"name":"startEditing","decl":{"start":{"line":386,"column":24},"end":{"line":390,"column":3}},"loc":{"start":{"line":386,"column":24},"end":{"line":390,"column":3}},"line":386},"15":{"name":"handleEditSubmit","decl":{"start":{"line":392,"column":27},"end":{"line":420,"column":3}},"loc":{"start":{"line":392,"column":27},"end":{"line":420,"column":3}},"line":392},"16":{"name":"handleDelete","decl":{"start":{"line":422,"column":23},"end":{"line":438,"column":3}},"loc":{"start":{"line":422,"column":23},"end":{"line":438,"column":3}},"line":422},"17":{"name":"onSubmit","decl":{"start":{"line":469,"column":37},"end":{"line":469,"column":81}},"loc":{"start":{"line":469,"column":37},"end":{"line":469,"column":81}},"line":469},"18":{"name":"onChange","decl":{"start":{"line":473,"column":35},"end":{"line":473,"column":74}},"loc":{"start":{"line":473,"column":35},"end":{"line":473,"column":74}},"line":473},"19":{"name":"onLeave","decl":{"start":{"line":481,"column":35},"end":{"line":481,"column":68}},"loc":{"start":{"line":481,"column":35},"end":{"line":481,"column":68}},"line":481},"20":{"name":"onClick","decl":{"start":{"line":486,"column":81},"end":{"line":486,"column":112}},"loc":{"start":{"line":486,"column":81},"end":{"line":486,"column":112}},"line":486},"21":{"name":"onRate","decl":{"start":{"line":500,"column":36},"end":{"line":500,"column":45}},"loc":{"start":{"line":500,"column":36},"end":{"line":500,"column":45}},"line":500},"22":{"name":"onHover","decl":{"start":{"line":501,"column":37},"end":{"line":501,"column":46}},"loc":{"start":{"line":501,"column":37},"end":{"line":501,"column":46}},"line":501},"23":{"name":"onLeave","decl":{"start":{"line":502,"column":37},"end":{"line":502,"column":46}},"loc":{"start":{"line":502,"column":37},"end":{"line":502,"column":46}},"line":502},"24":{"name":"onClick","decl":{"start":{"line":512,"column":69},"end":{"line":512,"column":96}},"loc":{"start":{"line":512,"column":69},"end":{"line":512,"column":96}},"line":512},"25":{"name":"onClick","decl":{"start":{"line":513,"column":73},"end":{"line":513,"column":110}},"loc":{"start":{"line":513,"column":73},"end":{"line":513,"column":110}},"line":513},"26":{"name":"onChange","decl":{"start":{"line":551,"column":31},"end":{"line":551,"column":65}},"loc":{"start":{"line":551,"column":31},"end":{"line":551,"column":65}},"line":551},"27":{"name":"onChange","decl":{"start":{"line":562,"column":31},"end":{"line":562,"column":66}},"loc":{"start":{"line":562,"column":31},"end":{"line":562,"column":66}},"line":562},"28":{"name":"onLeave","decl":{"start":{"line":573,"column":29},"end":{"line":573,"column":56}},"loc":{"start":{"line":573,"column":29},"end":{"line":573,"column":56}},"line":573}},"f":{"0":15,"1":8,"2":22,"3":0,"4":0,"5":1,"6":0,"7":4,"8":8,"9":0,"10":0,"11":9,"12":0,"13":0,"14":1,"15":0,"16":1,"17":0,"18":0,"19":0,"20":0,"21":0,"22":0,"23":0,"24":1,"25":1,"26":0,"27":2,"28":0}}
}
