TN:
SF:src\app\cuisinePage\indiv-cuisines\reviews\[foodPlaceId]\[foodPlaceId].tsx
FN:22,Reviews
FN:41,fetchReviews
FN:71,StarRating
FN:97,onMouseEnter
FN:98,onMouseLeave
FN:99,onClick
FN:130,onClick
FN:148,getUser
FN:161,fetchData
FN:189,handleSubmit
FN:230,handleVote
FN:320,renderVoteButtons
FN:328,onClick
FN:349,onClick
FN:386,startEditing
FN:392,handleEditSubmit
FN:422,handleDelete
FN:469,onSubmit
FN:473,onChange
FN:481,onLeave
FN:486,onClick
FN:500,onRate
FN:501,onHover
FN:502,onLeave
FN:512,onClick
FN:513,onClick
FN:551,onChange
FN:562,onChange
FN:573,onLeave
FNF:29
FNH:12
FNDA:15,Reviews
FNDA:8,fetchReviews
FNDA:22,StarRating
FNDA:0,onMouseEnter
FNDA:0,onMouseLeave
FNDA:1,onClick
FNDA:0,onClick
FNDA:4,getUser
FNDA:8,fetchData
FNDA:0,handleSubmit
FNDA:0,handleVote
FNDA:9,renderVoteButtons
FNDA:0,onClick
FNDA:0,onClick
FNDA:1,startEditing
FNDA:0,handleEditSubmit
FNDA:1,handleDelete
FNDA:0,onSubmit
FNDA:0,onChange
FNDA:0,onLeave
FNDA:0,onClick
FNDA:0,onRate
FNDA:0,onHover
FNDA:0,onLeave
FNDA:1,onClick
FNDA:1,onClick
FNDA:0,onChange
FNDA:2,onChange
FNDA:0,onLeave
DA:1,1
DA:2,1
DA:3,1
DA:4,1
DA:5,1
DA:6,1
DA:7,1
DA:8,1
DA:9,1
DA:10,1
DA:11,1
DA:12,1
DA:13,1
DA:14,1
DA:15,1
DA:16,1
DA:17,1
DA:18,1
DA:19,1
DA:20,1
DA:21,1
DA:22,15
DA:23,15
DA:24,15
DA:25,15
DA:26,15
DA:27,15
DA:28,15
DA:29,15
DA:30,15
DA:31,15
DA:32,15
DA:33,15
DA:34,15
DA:35,15
DA:36,15
DA:37,15
DA:38,15
DA:39,15
DA:40,15
DA:41,15
DA:42,8
DA:43,8
DA:44,8
DA:45,8
DA:46,8
DA:47,8
DA:48,8
DA:49,8
DA:50,8
DA:51,8
DA:52,8
DA:53,8
DA:54,0
DA:55,0
DA:56,0
DA:57,8
DA:58,8
DA:59,8
DA:60,8
DA:61,8
DA:62,8
DA:63,8
DA:64,8
DA:65,8
DA:66,8
DA:67,8
DA:68,8
DA:69,15
DA:70,15
DA:71,15
DA:72,22
DA:73,22
DA:74,22
DA:75,22
DA:76,22
DA:77,22
DA:78,22
DA:79,22
DA:80,22
DA:81,22
DA:82,22
DA:83,22
DA:84,22
DA:85,22
DA:86,22
DA:87,22
DA:88,22
DA:89,110
DA:90,110
DA:91,110
DA:92,110
DA:93,110
DA:94,110
DA:95,110
DA:96,110
DA:97,110
DA:98,110
DA:99,110
DA:100,110
DA:101,110
DA:102,110
DA:103,110
DA:104,110
DA:105,110
DA:106,110
DA:107,110
DA:108,110
DA:109,110
DA:110,110
DA:111,110
DA:112,110
DA:113,0
DA:114,0
DA:115,0
DA:116,0
DA:117,0
DA:118,0
DA:119,110
DA:120,110
DA:121,0
DA:122,0
DA:123,0
DA:124,0
DA:125,110
DA:126,110
DA:127,110
DA:128,52
DA:129,52
DA:130,52
DA:131,0
DA:132,0
DA:133,0
DA:134,52
DA:135,52
DA:136,52
DA:137,110
DA:138,110
DA:139,110
DA:140,22
DA:141,22
DA:142,22
DA:143,22
DA:144,15
DA:145,15
DA:146,15
DA:147,15
DA:148,4
DA:149,4
DA:150,4
DA:151,4
DA:152,4
DA:153,4
DA:154,4
DA:155,15
DA:156,15
DA:157,15
DA:158,15
DA:159,8
DA:160,8
DA:161,8
DA:162,8
DA:163,8
DA:164,8
DA:165,8
DA:166,8
DA:167,8
DA:168,8
DA:169,8
DA:170,8
DA:171,8
DA:172,8
DA:173,8
DA:174,8
DA:175,8
DA:176,8
DA:177,8
DA:178,8
DA:179,8
DA:180,8
DA:181,8
DA:182,8
DA:183,8
DA:184,8
DA:185,8
DA:186,15
DA:187,15
DA:188,15
DA:189,15
DA:190,0
DA:191,0
DA:192,0
DA:193,0
DA:194,0
DA:195,0
DA:196,0
DA:197,0
DA:198,0
DA:199,0
DA:200,0
DA:201,0
DA:202,0
DA:203,0
DA:204,0
DA:205,0
DA:206,0
DA:207,0
DA:208,0
DA:209,0
DA:210,0
DA:211,0
DA:212,0
DA:213,0
DA:214,0
DA:215,0
DA:216,0
DA:217,0
DA:218,0
DA:219,0
DA:220,0
DA:221,0
DA:222,0
DA:223,0
DA:224,0
DA:225,0
DA:226,0
DA:227,0
DA:228,15
DA:229,15
DA:230,15
DA:231,0
DA:232,0
DA:233,0
DA:234,0
DA:235,0
DA:236,0
DA:237,0
DA:238,0
DA:239,0
DA:240,0
DA:241,0
DA:242,0
DA:243,0
DA:244,0
DA:245,0
DA:246,0
DA:247,0
DA:248,0
DA:249,0
DA:250,0
DA:251,0
DA:252,0
DA:253,0
DA:254,0
DA:255,0
DA:256,0
DA:257,0
DA:258,0
DA:259,0
DA:260,0
DA:261,0
DA:262,0
DA:263,0
DA:264,0
DA:265,0
DA:266,0
DA:267,0
DA:268,0
DA:269,0
DA:270,0
DA:271,0
DA:272,0
DA:273,0
DA:274,0
DA:275,0
DA:276,0
DA:277,0
DA:278,0
DA:279,0
DA:280,0
DA:281,0
DA:282,0
DA:283,0
DA:284,0
DA:285,0
DA:286,0
DA:287,0
DA:288,0
DA:289,0
DA:290,0
DA:291,0
DA:292,0
DA:293,0
DA:294,0
DA:295,0
DA:296,0
DA:297,0
DA:298,0
DA:299,0
DA:300,0
DA:301,0
DA:302,0
DA:303,0
DA:304,0
DA:305,0
DA:306,0
DA:307,0
DA:308,0
DA:309,0
DA:310,0
DA:311,0
DA:312,0
DA:313,0
DA:314,0
DA:315,0
DA:316,0
DA:317,15
DA:318,15
DA:319,15
DA:320,15
DA:321,9
DA:322,9
DA:323,9
DA:324,9
DA:325,9
DA:326,9
DA:327,9
DA:328,9
DA:329,9
DA:330,9
DA:331,9
DA:332,9
DA:333,9
DA:334,9
DA:335,9
DA:336,9
DA:337,9
DA:338,9
DA:339,9
DA:340,9
DA:341,9
DA:342,9
DA:343,9
DA:344,9
DA:345,9
DA:346,9
DA:347,9
DA:348,9
DA:349,9
DA:350,9
DA:351,9
DA:352,9
DA:353,9
DA:354,9
DA:355,9
DA:356,9
DA:357,9
DA:358,9
DA:359,9
DA:360,9
DA:361,9
DA:362,9
DA:363,9
DA:364,9
DA:365,9
DA:366,9
DA:367,9
DA:368,9
DA:369,9
DA:370,9
DA:371,9
DA:372,9
DA:373,9
DA:374,9
DA:375,9
DA:376,9
DA:377,9
DA:378,9
DA:379,9
DA:380,9
DA:381,9
DA:382,9
DA:383,9
DA:384,15
DA:385,15
DA:386,15
DA:387,1
DA:388,1
DA:389,1
DA:390,15
DA:391,15
DA:392,15
DA:393,0
DA:394,0
DA:395,0
DA:396,0
DA:397,0
DA:398,0
DA:399,0
DA:400,0
DA:401,0
DA:402,0
DA:403,0
DA:404,0
DA:405,0
DA:406,0
DA:407,0
DA:408,0
DA:409,0
DA:410,0
DA:411,0
DA:412,0
DA:413,0
DA:414,0
DA:415,0
DA:416,0
DA:417,0
DA:418,0
DA:419,0
DA:420,15
DA:421,15
DA:422,15
DA:423,1
DA:424,1
DA:425,0
DA:426,0
DA:427,0
DA:428,0
DA:429,0
DA:430,0
DA:431,0
DA:432,0
DA:433,0
DA:434,0
DA:435,0
DA:436,0
DA:437,0
DA:438,15
DA:439,15
DA:440,15
DA:441,11
DA:442,11
DA:443,11
DA:444,11
DA:445,11
DA:446,11
DA:447,11
DA:448,11
DA:449,11
DA:450,11
DA:451,11
DA:452,11
DA:453,11
DA:454,11
DA:455,11
DA:456,11
DA:457,11
DA:458,11
DA:459,11
DA:460,11
DA:461,11
DA:462,11
DA:463,11
DA:464,0
DA:465,11
DA:466,11
DA:467,11
DA:468,11
DA:469,2
DA:470,2
DA:471,2
DA:472,2
DA:473,2
DA:474,2
DA:475,2
DA:476,2
DA:477,2
DA:478,2
DA:479,2
DA:480,2
DA:481,2
DA:482,2
DA:483,2
DA:484,2
DA:485,2
DA:486,2
DA:487,2
DA:488,2
DA:489,9
DA:490,9
DA:491,9
DA:492,9
DA:493,9
DA:494,9
DA:495,9
DA:496,9
DA:497,9
DA:498,9
DA:499,9
DA:500,9
DA:501,9
DA:502,9
DA:503,9
DA:504,9
DA:505,9
DA:506,9
DA:507,9
DA:508,9
DA:509,9
DA:510,9
DA:511,9
DA:512,9
DA:513,9
DA:514,9
DA:515,9
DA:516,9
DA:517,9
DA:518,9
DA:519,9
DA:520,9
DA:521,9
DA:522,9
DA:523,9
DA:524,9
DA:525,9
DA:526,9
DA:527,9
DA:528,9
DA:529,9
DA:530,9
DA:531,9
DA:532,9
DA:533,9
DA:534,9
DA:535,9
DA:536,11
DA:537,11
DA:538,11
DA:539,15
DA:540,15
DA:541,15
DA:542,15
DA:543,15
DA:544,15
DA:545,15
DA:546,15
DA:547,15
DA:548,15
DA:549,15
DA:550,15
DA:551,15
DA:552,15
DA:553,15
DA:554,15
DA:555,15
DA:556,15
DA:557,15
DA:558,15
DA:559,15
DA:560,15
DA:561,15
DA:562,15
DA:563,15
DA:564,15
DA:565,15
DA:566,15
DA:567,15
DA:568,15
DA:569,15
DA:570,15
DA:571,15
DA:572,15
DA:573,15
DA:574,15
DA:575,15
DA:576,15
DA:577,15
DA:578,15
DA:579,15
DA:580,15
DA:581,15
DA:582,15
DA:583,15
DA:584,15
DA:585,15
DA:586,15
DA:587,15
DA:588,15
DA:589,1
DA:590,1
LF:590
LH:409
BRDA:22,0,0,15
BRDA:440,1,0,4
BRDA:440,2,0,11
BRDA:463,3,0,0
BRDA:465,4,0,11
BRDA:570,5,0,11
BRDA:41,6,0,8
BRDA:42,7,0,0
BRDA:53,8,0,0
BRDA:60,9,0,8
BRDA:62,10,0,0
BRDA:62,11,0,0
BRDA:71,12,0,22
BRDA:88,13,0,110
BRDA:95,14,0,65
BRDA:95,15,0,45
BRDA:106,16,0,44
BRDA:106,17,0,66
BRDA:112,18,0,0
BRDA:120,19,0,0
BRDA:127,20,0,65
BRDA:127,21,0,52
BRDA:99,22,0,1
BRDA:99,23,0,0
BRDA:147,24,0,4
BRDA:148,25,0,4
BRDA:152,26,0,0
BRDA:158,27,0,8
BRDA:159,28,0,0
BRDA:161,29,0,8
BRDA:168,30,0,0
BRDA:320,31,0,9
BRDA:327,32,0,0
BRDA:335,33,0,0
BRDA:336,34,0,0
BRDA:348,35,0,0
BRDA:356,36,0,0
BRDA:357,37,0,0
BRDA:386,38,0,1
BRDA:422,39,0,1
BRDA:424,40,0,0
BRDA:466,41,0,11
BRDA:468,42,0,2
BRDA:489,43,0,9
BRDA:512,44,0,1
BRDA:513,45,0,1
BRDA:562,46,0,2
BRF:47
BRH:29
end_of_record
